2025-06-30 12:02:26,568 - INFO - Đang xử lý: 156_CĐ-TTg(16733).pdf
2025-06-30 12:02:26,642 - INFO - Đã đọc 115 blocks từ ../../data/CongThongTinDienTu\CongDien\156_CĐ-TTg(16733).pdf
2025-06-30 12:02:26,642 - INFO - Số hiệu: 156/CĐ-TTg
2025-06-30 12:02:26,643 - INFO - Ngày ban hành: 02/02/2017
2025-06-30 12:02:26,643 - INFO - Loại văn bản: CÔNG ĐIỆN
2025-06-30 12:02:26,645 - INFO - Chức vụ người ký: THỦ TƯỚNG, Người ký: Nguyễn Xuân Phúc
2025-06-30 12:02:26,645 - INFO - Đang xử lý: 1576_CĐ-TTg(15300).pdf
2025-06-30 12:02:26,668 - INFO - Đã đọc 68 blocks từ ../../data/CongThongTinDienTu\CongDien\1576_CĐ-TTg(15300).pdf
2025-06-30 12:02:26,669 - INFO - Số hiệu: 1576/CĐ-TTg
2025-06-30 12:02:26,669 - INFO - Ngày ban hành: 06/09/2016
2025-06-30 12:02:26,669 - INFO - Loại văn bản: CÔNG ĐIỆN
2025-06-30 12:02:26,670 - INFO - Chức vụ người ký: THỦ TƯỚNG, Người ký: Nguyễn Xuân Phúc
2025-06-30 12:02:26,670 - INFO - Đang xử lý: 2015_297_+_298-269_CĐ-TTg.pdf
2025-06-30 12:02:26,702 - INFO - Đã đọc 132 blocks từ ../../data/CongThongTinDienTu\CongDien\2015_297_+_298-269_CĐ-TTg.pdf
2025-06-30 12:02:26,703 - INFO - Số hiệu: 269/CĐ-TTg
2025-06-30 12:02:26,703 - INFO - Ngày ban hành: 24/02/2015
2025-06-30 12:02:26,703 - INFO - Loại văn bản: CÔNG ĐIỆN
2025-06-30 12:02:26,704 - INFO - Chức vụ người ký: THỦ TƯỚNG, Người ký: Nguyễn Tấn Dũng
2025-06-30 12:02:26,704 - INFO - Đang xử lý: 2018_367_+_368_170-CĐ-TTg.pdf
2025-06-30 12:02:26,728 - INFO - Đã đọc 91 blocks từ ../../data/CongThongTinDienTu\CongDien\2018_367_+_368_170-CĐ-TTg.pdf
2025-06-30 12:02:26,728 - INFO - Số hiệu: 170/CĐ-TTg
2025-06-30 12:02:26,728 - INFO - Ngày ban hành: 02/02/2018
2025-06-30 12:02:26,728 - INFO - Loại văn bản: CÔNG ĐIỆN
2025-06-30 12:02:26,729 - INFO - Chức vụ người ký: THỦ TƯỚNG, Người ký: PHÓ THỦ TƯỚNG
2025-06-30 12:02:26,729 - INFO - Đang xử lý: 2018_409_+_410_240-CĐ-TTg.pdf
2025-06-30 12:02:26,768 - INFO - Đã đọc 178 blocks từ ../../data/CongThongTinDienTu\CongDien\2018_409_+_410_240-CĐ-TTg.pdf
2025-06-30 12:02:26,768 - INFO - Số hiệu: 240/CĐ-TTg
2025-06-30 12:02:26,768 - INFO - Ngày ban hành: 21/02/2018
2025-06-30 12:02:26,768 - INFO - Loại văn bản: CÔNG ĐIỆN
2025-06-30 12:02:26,770 - INFO - Chức vụ người ký: THỦ TƯỚNG, Người ký: Nguyễn Xuân Phúc
2025-06-30 12:02:26,770 - INFO - Đang xử lý: 2021_749_+_750_1110-CĐ-TTg.pdf
2025-06-30 12:02:26,832 - INFO - Đã đọc 43 blocks từ ../../data/CongThongTinDienTu\CongDien\2021_749_+_750_1110-CĐ-TTg.pdf
2025-06-30 12:02:26,833 - INFO - Số hiệu: 1110/CĐ-TTg
2025-06-30 12:02:26,833 - INFO - Ngày ban hành: 31/08/2021
2025-06-30 12:02:26,833 - INFO - Loại văn bản: CÔNG ĐIỆN
2025-06-30 12:02:26,833 - INFO - Chức vụ người ký: THỦ TƯỚNG, Người ký: PHÓ THỦ TƯỚNG
2025-06-30 12:02:26,833 - INFO - Đang xử lý: 2023_1127_+_1128_1058-CĐ-TTg.pdf
2025-06-30 12:02:26,924 - INFO - Đã đọc 859 blocks từ ../../data/CongThongTinDienTu\CongDien\2023_1127_+_1128_1058-CĐ-TTg.pdf
2025-06-30 12:02:26,924 - INFO - Số hiệu: 1058/CĐ-TTg
2025-06-30 12:02:26,924 - INFO - Ngày ban hành: 04/11/2023
2025-06-30 12:02:26,924 - INFO - Loại văn bản: CÔNG ĐIỆN
2025-06-30 12:02:26,930 - INFO - Chức vụ người ký: , Người ký: biện pháp xử lý các
2025-06-30 12:02:26,930 - INFO - Đang xử lý: 2024_1113_+_1114_104-CĐ-TTg.pdf
2025-06-30 12:02:27,008 - INFO - Đã đọc 247 blocks từ ../../data/CongThongTinDienTu\CongDien\2024_1113_+_1114_104-CĐ-TTg.pdf
2025-06-30 12:02:27,008 - INFO - Số hiệu: 104/CĐ-TTg
2025-06-30 12:02:27,008 - INFO - Ngày ban hành: 08/10/2024
2025-06-30 12:02:27,008 - INFO - Loại văn bản: CÔNG ĐIỆN
2025-06-30 12:02:27,010 - INFO - Chức vụ người ký: THỦ TƯỚNG, Người ký: Phạm Minh Chính
2025-06-30 12:02:27,010 - INFO - Đang xử lý: 2024_1249_+_1250_111-CĐ-TTg.pdf
2025-06-30 12:02:27,157 - INFO - Đã đọc 221 blocks từ ../../data/CongThongTinDienTu\CongDien\2024_1249_+_1250_111-CĐ-TTg.pdf
2025-06-30 12:02:27,157 - INFO - Số hiệu: 111/CĐ-TTg
2025-06-30 12:02:27,158 - INFO - Ngày ban hành: 04/11/2024
2025-06-30 12:02:27,158 - INFO - Loại văn bản: CÔNG ĐIỆN
2025-06-30 12:02:27,162 - INFO - Chức vụ người ký: THỦ TƯỚNG, Người ký: PHÓ THỦ TƯỚNG
2025-06-30 12:02:27,164 - INFO - Đang xử lý: 252_CĐ-TTg(13649).pdf
2025-06-30 12:02:27,240 - INFO - Đã đọc 131 blocks từ ../../data/CongThongTinDienTu\CongDien\252_CĐ-TTg(13649).pdf
2025-06-30 12:02:27,240 - INFO - Số hiệu: 252/CĐ-TTg
2025-06-30 12:02:27,241 - INFO - Ngày ban hành: 15/02/2016
2025-06-30 12:02:27,241 - INFO - Loại văn bản: CÔNG ĐIỆN
2025-06-30 12:02:27,244 - INFO - Chức vụ người ký: THỦ TƯỚNG, Người ký: PHÓ THỦ TƯỚNG
2025-06-30 12:02:27,256 - INFO - Đã lưu 10 tài liệu vào ../../preprocessing/CongDien/processed_documents_congdien.json
