2025-07-17 02:58:22,794 - INFO - Đã đọc 115 blocks từ ../../data/CongThongTinDienTu\CongDien\156_CĐ-TTg(16733).pdf
2025-07-17 02:58:22,820 - INFO - Đã đọc 68 blocks từ ../../data/CongThongTinDienTu\CongDien\1576_CĐ-TTg(15300).pdf
2025-07-17 02:58:22,856 - INFO - Đã đọc 132 blocks từ ../../data/CongThongTinDienTu\CongDien\2015_297_+_298-269_CĐ-TTg.pdf
2025-07-17 02:58:22,879 - INFO - Đã đọc 91 blocks từ ../../data/CongThongTinDienTu\CongDien\2018_367_+_368_170-CĐ-TTg.pdf
2025-07-17 02:58:22,916 - INFO - Đã đọc 178 blocks từ ../../data/CongThongTinDienTu\CongDien\2018_409_+_410_240-CĐ-TTg.pdf
2025-07-17 02:58:22,978 - INFO - Đã đọc 43 blocks từ ../../data/CongThongTinDienTu\CongDien\2021_749_+_750_1110-CĐ-TTg.pdf
2025-07-17 02:58:23,067 - INFO - Đã đọc 859 blocks từ ../../data/CongThongTinDienTu\CongDien\2023_1127_+_1128_1058-CĐ-TTg.pdf
2025-07-17 02:58:23,142 - INFO - Đã đọc 247 blocks từ ../../data/CongThongTinDienTu\CongDien\2024_1113_+_1114_104-CĐ-TTg.pdf
2025-07-17 02:58:23,236 - INFO - Đã đọc 221 blocks từ ../../data/CongThongTinDienTu\CongDien\2024_1249_+_1250_111-CĐ-TTg.pdf
2025-07-17 02:58:23,267 - INFO - Đã đọc 131 blocks từ ../../data/CongThongTinDienTu\CongDien\252_CĐ-TTg(13649).pdf
2025-07-17 02:58:46,965 - INFO - Đã đọc 115 blocks từ ../../data/CongThongTinDienTu\CongDien\156_CĐ-TTg(16733).pdf
2025-07-17 02:58:46,987 - INFO - Đã đọc 68 blocks từ ../../data/CongThongTinDienTu\CongDien\1576_CĐ-TTg(15300).pdf
2025-07-17 02:58:47,015 - INFO - Đã đọc 132 blocks từ ../../data/CongThongTinDienTu\CongDien\2015_297_+_298-269_CĐ-TTg.pdf
2025-07-17 02:58:47,038 - INFO - Đã đọc 91 blocks từ ../../data/CongThongTinDienTu\CongDien\2018_367_+_368_170-CĐ-TTg.pdf
2025-07-17 02:58:47,073 - INFO - Đã đọc 178 blocks từ ../../data/CongThongTinDienTu\CongDien\2018_409_+_410_240-CĐ-TTg.pdf
2025-07-17 02:58:47,128 - INFO - Đã đọc 43 blocks từ ../../data/CongThongTinDienTu\CongDien\2021_749_+_750_1110-CĐ-TTg.pdf
2025-07-17 02:58:47,214 - INFO - Đã đọc 859 blocks từ ../../data/CongThongTinDienTu\CongDien\2023_1127_+_1128_1058-CĐ-TTg.pdf
2025-07-17 02:58:47,289 - INFO - Đã đọc 247 blocks từ ../../data/CongThongTinDienTu\CongDien\2024_1113_+_1114_104-CĐ-TTg.pdf
2025-07-17 02:58:47,373 - INFO - Đã đọc 221 blocks từ ../../data/CongThongTinDienTu\CongDien\2024_1249_+_1250_111-CĐ-TTg.pdf
2025-07-17 02:58:47,396 - INFO - Đã đọc 131 blocks từ ../../data/CongThongTinDienTu\CongDien\252_CĐ-TTg(13649).pdf
2025-07-17 02:59:27,734 - INFO - Đã đọc 115 blocks từ ../../data/CongThongTinDienTu\CongDien\156_CĐ-TTg(16733).pdf
2025-07-17 02:59:27,755 - INFO - Đã đọc 68 blocks từ ../../data/CongThongTinDienTu\CongDien\1576_CĐ-TTg(15300).pdf
2025-07-17 02:59:27,782 - INFO - Đã đọc 132 blocks từ ../../data/CongThongTinDienTu\CongDien\2015_297_+_298-269_CĐ-TTg.pdf
2025-07-17 02:59:27,802 - INFO - Đã đọc 91 blocks từ ../../data/CongThongTinDienTu\CongDien\2018_367_+_368_170-CĐ-TTg.pdf
2025-07-17 02:59:27,837 - INFO - Đã đọc 178 blocks từ ../../data/CongThongTinDienTu\CongDien\2018_409_+_410_240-CĐ-TTg.pdf
2025-07-17 02:59:27,901 - INFO - Đã đọc 43 blocks từ ../../data/CongThongTinDienTu\CongDien\2021_749_+_750_1110-CĐ-TTg.pdf
2025-07-17 02:59:27,986 - INFO - Đã đọc 859 blocks từ ../../data/CongThongTinDienTu\CongDien\2023_1127_+_1128_1058-CĐ-TTg.pdf
2025-07-17 02:59:28,054 - INFO - Đã đọc 247 blocks từ ../../data/CongThongTinDienTu\CongDien\2024_1113_+_1114_104-CĐ-TTg.pdf
2025-07-17 02:59:28,135 - INFO - Đã đọc 221 blocks từ ../../data/CongThongTinDienTu\CongDien\2024_1249_+_1250_111-CĐ-TTg.pdf
2025-07-17 02:59:28,162 - INFO - Đã đọc 131 blocks từ ../../data/CongThongTinDienTu\CongDien\252_CĐ-TTg(13649).pdf
2025-07-17 02:59:39,544 - INFO - Đã đọc 115 blocks từ ../../data/CongThongTinDienTu\CongDien\156_CĐ-TTg(16733).pdf
2025-07-17 02:59:39,563 - INFO - Đã đọc 68 blocks từ ../../data/CongThongTinDienTu\CongDien\1576_CĐ-TTg(15300).pdf
2025-07-17 02:59:39,591 - INFO - Đã đọc 132 blocks từ ../../data/CongThongTinDienTu\CongDien\2015_297_+_298-269_CĐ-TTg.pdf
2025-07-17 02:59:39,611 - INFO - Đã đọc 91 blocks từ ../../data/CongThongTinDienTu\CongDien\2018_367_+_368_170-CĐ-TTg.pdf
2025-07-17 02:59:39,646 - INFO - Đã đọc 178 blocks từ ../../data/CongThongTinDienTu\CongDien\2018_409_+_410_240-CĐ-TTg.pdf
2025-07-17 02:59:39,704 - INFO - Đã đọc 43 blocks từ ../../data/CongThongTinDienTu\CongDien\2021_749_+_750_1110-CĐ-TTg.pdf
2025-07-17 02:59:39,786 - INFO - Đã đọc 859 blocks từ ../../data/CongThongTinDienTu\CongDien\2023_1127_+_1128_1058-CĐ-TTg.pdf
2025-07-17 02:59:39,863 - INFO - Đã đọc 247 blocks từ ../../data/CongThongTinDienTu\CongDien\2024_1113_+_1114_104-CĐ-TTg.pdf
2025-07-17 02:59:39,948 - INFO - Đã đọc 221 blocks từ ../../data/CongThongTinDienTu\CongDien\2024_1249_+_1250_111-CĐ-TTg.pdf
2025-07-17 02:59:39,973 - INFO - Đã đọc 131 blocks từ ../../data/CongThongTinDienTu\CongDien\252_CĐ-TTg(13649).pdf
2025-07-17 02:59:46,874 - INFO - Đã đọc 115 blocks từ ../../data/CongThongTinDienTu\CongDien\156_CĐ-TTg(16733).pdf
2025-07-17 02:59:46,894 - INFO - Đã đọc 68 blocks từ ../../data/CongThongTinDienTu\CongDien\1576_CĐ-TTg(15300).pdf
2025-07-17 02:59:46,921 - INFO - Đã đọc 132 blocks từ ../../data/CongThongTinDienTu\CongDien\2015_297_+_298-269_CĐ-TTg.pdf
2025-07-17 02:59:46,942 - INFO - Đã đọc 91 blocks từ ../../data/CongThongTinDienTu\CongDien\2018_367_+_368_170-CĐ-TTg.pdf
2025-07-17 02:59:46,974 - INFO - Đã đọc 178 blocks từ ../../data/CongThongTinDienTu\CongDien\2018_409_+_410_240-CĐ-TTg.pdf
2025-07-17 02:59:47,030 - INFO - Đã đọc 43 blocks từ ../../data/CongThongTinDienTu\CongDien\2021_749_+_750_1110-CĐ-TTg.pdf
2025-07-17 02:59:47,108 - INFO - Đã đọc 859 blocks từ ../../data/CongThongTinDienTu\CongDien\2023_1127_+_1128_1058-CĐ-TTg.pdf
2025-07-17 02:59:47,180 - INFO - Đã đọc 247 blocks từ ../../data/CongThongTinDienTu\CongDien\2024_1113_+_1114_104-CĐ-TTg.pdf
2025-07-17 02:59:47,262 - INFO - Đã đọc 221 blocks từ ../../data/CongThongTinDienTu\CongDien\2024_1249_+_1250_111-CĐ-TTg.pdf
2025-07-17 02:59:47,288 - INFO - Đã đọc 131 blocks từ ../../data/CongThongTinDienTu\CongDien\252_CĐ-TTg(13649).pdf
2025-07-17 03:00:05,286 - INFO - Đã đọc 115 blocks từ ../../data/CongThongTinDienTu\CongDien\156_CĐ-TTg(16733).pdf
2025-07-17 03:00:05,308 - INFO - Đã đọc 68 blocks từ ../../data/CongThongTinDienTu\CongDien\1576_CĐ-TTg(15300).pdf
2025-07-17 03:00:05,336 - INFO - Đã đọc 132 blocks từ ../../data/CongThongTinDienTu\CongDien\2015_297_+_298-269_CĐ-TTg.pdf
2025-07-17 03:00:05,361 - INFO - Đã đọc 91 blocks từ ../../data/CongThongTinDienTu\CongDien\2018_367_+_368_170-CĐ-TTg.pdf
2025-07-17 03:00:05,398 - INFO - Đã đọc 178 blocks từ ../../data/CongThongTinDienTu\CongDien\2018_409_+_410_240-CĐ-TTg.pdf
2025-07-17 03:00:05,456 - INFO - Đã đọc 43 blocks từ ../../data/CongThongTinDienTu\CongDien\2021_749_+_750_1110-CĐ-TTg.pdf
2025-07-17 03:00:05,539 - INFO - Đã đọc 859 blocks từ ../../data/CongThongTinDienTu\CongDien\2023_1127_+_1128_1058-CĐ-TTg.pdf
2025-07-17 03:00:05,613 - INFO - Đã đọc 247 blocks từ ../../data/CongThongTinDienTu\CongDien\2024_1113_+_1114_104-CĐ-TTg.pdf
2025-07-17 03:00:05,698 - INFO - Đã đọc 221 blocks từ ../../data/CongThongTinDienTu\CongDien\2024_1249_+_1250_111-CĐ-TTg.pdf
2025-07-17 03:00:05,729 - INFO - Đã đọc 131 blocks từ ../../data/CongThongTinDienTu\CongDien\252_CĐ-TTg(13649).pdf
2025-07-28 01:31:53,811 - INFO - Đang xử lý: 156_CĐ-TTg(16733).pdf
2025-07-28 01:31:53,901 - INFO - Đã đọc 115 blocks từ ../../data/CongThongTinDienTu\CongDien\156_CĐ-TTg(16733).pdf
2025-07-28 01:31:53,921 - INFO - Đang xử lý: 1576_CĐ-TTg(15300).pdf
2025-07-28 01:31:53,948 - INFO - Đã đọc 68 blocks từ ../../data/CongThongTinDienTu\CongDien\1576_CĐ-TTg(15300).pdf
2025-07-28 01:31:53,958 - INFO - Đang xử lý: 2015_297_+_298-269_CĐ-TTg.pdf
2025-07-28 01:31:53,991 - INFO - Đã đọc 132 blocks từ ../../data/CongThongTinDienTu\CongDien\2015_297_+_298-269_CĐ-TTg.pdf
2025-07-28 01:31:54,011 - INFO - Đang xử lý: 2018_367_+_368_170-CĐ-TTg.pdf
2025-07-28 01:31:54,034 - INFO - Đã đọc 91 blocks từ ../../data/CongThongTinDienTu\CongDien\2018_367_+_368_170-CĐ-TTg.pdf
2025-07-28 01:31:54,046 - INFO - Đang xử lý: 2018_409_+_410_240-CĐ-TTg.pdf
2025-07-28 01:31:54,081 - INFO - Đã đọc 178 blocks từ ../../data/CongThongTinDienTu\CongDien\2018_409_+_410_240-CĐ-TTg.pdf
2025-07-28 01:31:54,109 - INFO - Đang xử lý: 2021_749_+_750_1110-CĐ-TTg.pdf
2025-07-28 01:31:54,171 - INFO - Đã đọc 43 blocks từ ../../data/CongThongTinDienTu\CongDien\2021_749_+_750_1110-CĐ-TTg.pdf
2025-07-28 01:31:54,177 - INFO - Đang xử lý: 2023_1127_+_1128_1058-CĐ-TTg.pdf
2025-07-28 01:31:54,271 - INFO - Đã đọc 859 blocks từ ../../data/CongThongTinDienTu\CongDien\2023_1127_+_1128_1058-CĐ-TTg.pdf
2025-07-28 01:31:54,414 - INFO - Đang xử lý: 2024_1113_+_1114_104-CĐ-TTg.pdf
2025-07-28 01:31:54,493 - INFO - Đã đọc 247 blocks từ ../../data/CongThongTinDienTu\CongDien\2024_1113_+_1114_104-CĐ-TTg.pdf
2025-07-28 01:31:54,529 - INFO - Đang xử lý: 2024_1249_+_1250_111-CĐ-TTg.pdf
2025-07-28 01:31:54,620 - INFO - Đã đọc 221 blocks từ ../../data/CongThongTinDienTu\CongDien\2024_1249_+_1250_111-CĐ-TTg.pdf
2025-07-28 01:31:54,659 - INFO - Đang xử lý: 252_CĐ-TTg(13649).pdf
2025-07-28 01:31:54,687 - INFO - Đã đọc 131 blocks từ ../../data/CongThongTinDienTu\CongDien\252_CĐ-TTg(13649).pdf
2025-07-28 01:31:54,712 - INFO - Đã lưu vào: ../../preprocessing/CongDien/processed_documents_congdien.json
2025-07-28 01:33:42,700 - INFO - Đang xử lý: 156_CĐ-TTg(16733).pdf
2025-07-28 01:33:42,729 - INFO - Đã đọc 115 blocks từ ../../data/CongThongTinDienTu\CongDien\156_CĐ-TTg(16733).pdf
2025-07-28 01:33:42,746 - INFO - Đang xử lý: 1576_CĐ-TTg(15300).pdf
2025-07-28 01:33:42,765 - INFO - Đã đọc 68 blocks từ ../../data/CongThongTinDienTu\CongDien\1576_CĐ-TTg(15300).pdf
2025-07-28 01:33:42,775 - INFO - Đang xử lý: 2015_297_+_298-269_CĐ-TTg.pdf
2025-07-28 01:33:42,799 - INFO - Đã đọc 132 blocks từ ../../data/CongThongTinDienTu\CongDien\2015_297_+_298-269_CĐ-TTg.pdf
2025-07-28 01:33:42,818 - INFO - Đang xử lý: 2018_367_+_368_170-CĐ-TTg.pdf
2025-07-28 01:33:42,838 - INFO - Đã đọc 91 blocks từ ../../data/CongThongTinDienTu\CongDien\2018_367_+_368_170-CĐ-TTg.pdf
2025-07-28 01:33:42,850 - INFO - Đang xử lý: 2018_409_+_410_240-CĐ-TTg.pdf
2025-07-28 01:33:42,880 - INFO - Đã đọc 178 blocks từ ../../data/CongThongTinDienTu\CongDien\2018_409_+_410_240-CĐ-TTg.pdf
2025-07-28 01:33:42,906 - INFO - Đang xử lý: 2021_749_+_750_1110-CĐ-TTg.pdf
2025-07-28 01:33:42,959 - INFO - Đã đọc 43 blocks từ ../../data/CongThongTinDienTu\CongDien\2021_749_+_750_1110-CĐ-TTg.pdf
2025-07-28 01:33:42,965 - INFO - Đang xử lý: 2023_1127_+_1128_1058-CĐ-TTg.pdf
2025-07-28 01:33:43,040 - INFO - Đã đọc 859 blocks từ ../../data/CongThongTinDienTu\CongDien\2023_1127_+_1128_1058-CĐ-TTg.pdf
2025-07-28 01:33:43,164 - INFO - Đang xử lý: 2024_1113_+_1114_104-CĐ-TTg.pdf
2025-07-28 01:33:43,230 - INFO - Đã đọc 247 blocks từ ../../data/CongThongTinDienTu\CongDien\2024_1113_+_1114_104-CĐ-TTg.pdf
2025-07-28 01:33:43,265 - INFO - Đang xử lý: 2024_1249_+_1250_111-CĐ-TTg.pdf
2025-07-28 01:33:43,342 - INFO - Đã đọc 221 blocks từ ../../data/CongThongTinDienTu\CongDien\2024_1249_+_1250_111-CĐ-TTg.pdf
2025-07-28 01:33:43,376 - INFO - Đang xử lý: 252_CĐ-TTg(13649).pdf
2025-07-28 01:33:43,396 - INFO - Đã đọc 131 blocks từ ../../data/CongThongTinDienTu\CongDien\252_CĐ-TTg(13649).pdf
2025-07-28 01:33:43,417 - INFO - Đã lưu vào: ../../preprocessing/CongDien/processed_documents_congdien.json
2025-07-28 01:35:01,823 - INFO - Đang xử lý: 156_CĐ-TTg(16733).pdf
2025-07-28 01:35:01,853 - INFO - Đã đọc 115 blocks từ ../../data/CongThongTinDienTu\CongDien\156_CĐ-TTg(16733).pdf
2025-07-28 01:35:01,870 - INFO - Đang xử lý: 1576_CĐ-TTg(15300).pdf
2025-07-28 01:35:01,888 - INFO - Đã đọc 68 blocks từ ../../data/CongThongTinDienTu\CongDien\1576_CĐ-TTg(15300).pdf
2025-07-28 01:35:01,898 - INFO - Đang xử lý: 2015_297_+_298-269_CĐ-TTg.pdf
2025-07-28 01:35:01,921 - INFO - Đã đọc 132 blocks từ ../../data/CongThongTinDienTu\CongDien\2015_297_+_298-269_CĐ-TTg.pdf
2025-07-28 01:35:01,941 - INFO - Đang xử lý: 2018_367_+_368_170-CĐ-TTg.pdf
2025-07-28 01:35:01,960 - INFO - Đã đọc 91 blocks từ ../../data/CongThongTinDienTu\CongDien\2018_367_+_368_170-CĐ-TTg.pdf
2025-07-28 01:35:01,972 - INFO - Đang xử lý: 2018_409_+_410_240-CĐ-TTg.pdf
2025-07-28 01:35:02,004 - INFO - Đã đọc 178 blocks từ ../../data/CongThongTinDienTu\CongDien\2018_409_+_410_240-CĐ-TTg.pdf
2025-07-28 01:35:02,053 - INFO - Đang xử lý: 2021_749_+_750_1110-CĐ-TTg.pdf
2025-07-28 01:35:02,107 - INFO - Đã đọc 43 blocks từ ../../data/CongThongTinDienTu\CongDien\2021_749_+_750_1110-CĐ-TTg.pdf
2025-07-28 01:35:02,113 - INFO - Đang xử lý: 2023_1127_+_1128_1058-CĐ-TTg.pdf
2025-07-28 01:35:02,191 - INFO - Đã đọc 859 blocks từ ../../data/CongThongTinDienTu\CongDien\2023_1127_+_1128_1058-CĐ-TTg.pdf
2025-07-28 01:35:02,318 - INFO - Đang xử lý: 2024_1113_+_1114_104-CĐ-TTg.pdf
2025-07-28 01:35:02,389 - INFO - Đã đọc 247 blocks từ ../../data/CongThongTinDienTu\CongDien\2024_1113_+_1114_104-CĐ-TTg.pdf
2025-07-28 01:35:02,424 - INFO - Đang xử lý: 2024_1249_+_1250_111-CĐ-TTg.pdf
2025-07-28 01:35:02,501 - INFO - Đã đọc 221 blocks từ ../../data/CongThongTinDienTu\CongDien\2024_1249_+_1250_111-CĐ-TTg.pdf
2025-07-28 01:35:02,536 - INFO - Đang xử lý: 252_CĐ-TTg(13649).pdf
2025-07-28 01:35:02,558 - INFO - Đã đọc 131 blocks từ ../../data/CongThongTinDienTu\CongDien\252_CĐ-TTg(13649).pdf
2025-07-28 01:35:02,579 - INFO - Đã lưu vào: ../../preprocessing/CongDien/processed_documents_congdien.json
2025-07-28 01:35:13,789 - INFO - Đang xử lý: 156_CĐ-TTg(16733).pdf
2025-07-28 01:35:13,817 - INFO - Đã đọc 115 blocks từ ../../data/CongThongTinDienTu\CongDien\156_CĐ-TTg(16733).pdf
2025-07-28 01:35:13,835 - INFO - Đang xử lý: 1576_CĐ-TTg(15300).pdf
2025-07-28 01:35:13,854 - INFO - Đã đọc 68 blocks từ ../../data/CongThongTinDienTu\CongDien\1576_CĐ-TTg(15300).pdf
2025-07-28 01:35:13,863 - INFO - Đang xử lý: 2015_297_+_298-269_CĐ-TTg.pdf
2025-07-28 01:35:13,887 - INFO - Đã đọc 132 blocks từ ../../data/CongThongTinDienTu\CongDien\2015_297_+_298-269_CĐ-TTg.pdf
2025-07-28 01:35:13,907 - INFO - Đang xử lý: 2018_367_+_368_170-CĐ-TTg.pdf
2025-07-28 01:35:13,926 - INFO - Đã đọc 91 blocks từ ../../data/CongThongTinDienTu\CongDien\2018_367_+_368_170-CĐ-TTg.pdf
2025-07-28 01:35:13,938 - INFO - Đang xử lý: 2018_409_+_410_240-CĐ-TTg.pdf
2025-07-28 01:35:13,971 - INFO - Đã đọc 178 blocks từ ../../data/CongThongTinDienTu\CongDien\2018_409_+_410_240-CĐ-TTg.pdf
2025-07-28 01:35:13,996 - INFO - Đang xử lý: 2021_749_+_750_1110-CĐ-TTg.pdf
2025-07-28 01:35:14,048 - INFO - Đã đọc 43 blocks từ ../../data/CongThongTinDienTu\CongDien\2021_749_+_750_1110-CĐ-TTg.pdf
2025-07-28 01:35:14,054 - INFO - Đang xử lý: 2023_1127_+_1128_1058-CĐ-TTg.pdf
2025-07-28 01:35:14,128 - INFO - Đã đọc 859 blocks từ ../../data/CongThongTinDienTu\CongDien\2023_1127_+_1128_1058-CĐ-TTg.pdf
2025-07-28 01:35:14,252 - INFO - Đang xử lý: 2024_1113_+_1114_104-CĐ-TTg.pdf
2025-07-28 01:35:14,318 - INFO - Đã đọc 247 blocks từ ../../data/CongThongTinDienTu\CongDien\2024_1113_+_1114_104-CĐ-TTg.pdf
2025-07-28 01:35:14,354 - INFO - Đang xử lý: 2024_1249_+_1250_111-CĐ-TTg.pdf
2025-07-28 01:35:14,435 - INFO - Đã đọc 221 blocks từ ../../data/CongThongTinDienTu\CongDien\2024_1249_+_1250_111-CĐ-TTg.pdf
2025-07-28 01:35:14,468 - INFO - Đang xử lý: 252_CĐ-TTg(13649).pdf
2025-07-28 01:35:14,490 - INFO - Đã đọc 131 blocks từ ../../data/CongThongTinDienTu\CongDien\252_CĐ-TTg(13649).pdf
2025-07-28 01:35:14,512 - INFO - Đã lưu vào: ../../preprocessing/CongDien/processed_documents_congdien.json
2025-07-28 01:35:56,355 - INFO - Đang xử lý: 156_CĐ-TTg(16733).pdf
2025-07-28 01:35:56,387 - INFO - Đã đọc 115 blocks từ ../../data/CongThongTinDienTu\CongDien\156_CĐ-TTg(16733).pdf
2025-07-28 01:35:56,405 - INFO - Đang xử lý: 1576_CĐ-TTg(15300).pdf
2025-07-28 01:35:56,426 - INFO - Đã đọc 68 blocks từ ../../data/CongThongTinDienTu\CongDien\1576_CĐ-TTg(15300).pdf
2025-07-28 01:35:56,436 - INFO - Đang xử lý: 2015_297_+_298-269_CĐ-TTg.pdf
2025-07-28 01:35:56,462 - INFO - Đã đọc 132 blocks từ ../../data/CongThongTinDienTu\CongDien\2015_297_+_298-269_CĐ-TTg.pdf
2025-07-28 01:35:56,482 - INFO - Đang xử lý: 2018_367_+_368_170-CĐ-TTg.pdf
2025-07-28 01:35:56,502 - INFO - Đã đọc 91 blocks từ ../../data/CongThongTinDienTu\CongDien\2018_367_+_368_170-CĐ-TTg.pdf
2025-07-28 01:35:56,515 - INFO - Đang xử lý: 2018_409_+_410_240-CĐ-TTg.pdf
2025-07-28 01:35:56,551 - INFO - Đã đọc 178 blocks từ ../../data/CongThongTinDienTu\CongDien\2018_409_+_410_240-CĐ-TTg.pdf
2025-07-28 01:35:56,579 - INFO - Đang xử lý: 2021_749_+_750_1110-CĐ-TTg.pdf
2025-07-28 01:35:56,635 - INFO - Đã đọc 43 blocks từ ../../data/CongThongTinDienTu\CongDien\2021_749_+_750_1110-CĐ-TTg.pdf
2025-07-28 01:35:56,642 - INFO - Đang xử lý: 2023_1127_+_1128_1058-CĐ-TTg.pdf
2025-07-28 01:35:56,719 - INFO - Đã đọc 859 blocks từ ../../data/CongThongTinDienTu\CongDien\2023_1127_+_1128_1058-CĐ-TTg.pdf
2025-07-28 01:35:56,847 - INFO - Đang xử lý: 2024_1113_+_1114_104-CĐ-TTg.pdf
2025-07-28 01:35:56,920 - INFO - Đã đọc 247 blocks từ ../../data/CongThongTinDienTu\CongDien\2024_1113_+_1114_104-CĐ-TTg.pdf
2025-07-28 01:35:56,953 - INFO - Đang xử lý: 2024_1249_+_1250_111-CĐ-TTg.pdf
2025-07-28 01:35:57,032 - INFO - Đã đọc 221 blocks từ ../../data/CongThongTinDienTu\CongDien\2024_1249_+_1250_111-CĐ-TTg.pdf
2025-07-28 01:35:57,067 - INFO - Đang xử lý: 252_CĐ-TTg(13649).pdf
2025-07-28 01:35:57,088 - INFO - Đã đọc 131 blocks từ ../../data/CongThongTinDienTu\CongDien\252_CĐ-TTg(13649).pdf
2025-07-28 01:35:57,110 - INFO - Đã lưu vào: ../../preprocessing/CongDien/processed_documents_congdien.json
2025-07-28 01:36:17,623 - INFO - Đang xử lý: 156_CĐ-TTg(16733).pdf
2025-07-28 01:36:17,653 - INFO - Đã đọc 115 blocks từ ../../data/CongThongTinDienTu\CongDien\156_CĐ-TTg(16733).pdf
2025-07-28 01:36:17,654 - ERROR - Lỗi xử lý 156_CĐ-TTg(16733).pdf: 'Ngày ban hanh'
2025-07-28 01:36:17,657 - INFO - Đang xử lý: 1576_CĐ-TTg(15300).pdf
2025-07-28 01:36:17,677 - INFO - Đã đọc 68 blocks từ ../../data/CongThongTinDienTu\CongDien\1576_CĐ-TTg(15300).pdf
2025-07-28 01:36:17,678 - ERROR - Lỗi xử lý 1576_CĐ-TTg(15300).pdf: 'Ngày ban hanh'
2025-07-28 01:36:17,678 - INFO - Đang xử lý: 2015_297_+_298-269_CĐ-TTg.pdf
2025-07-28 01:36:17,707 - INFO - Đã đọc 132 blocks từ ../../data/CongThongTinDienTu\CongDien\2015_297_+_298-269_CĐ-TTg.pdf
2025-07-28 01:36:17,708 - ERROR - Lỗi xử lý 2015_297_+_298-269_CĐ-TTg.pdf: 'Ngày ban hanh'
2025-07-28 01:36:17,709 - INFO - Đang xử lý: 2018_367_+_368_170-CĐ-TTg.pdf
2025-07-28 01:36:17,729 - INFO - Đã đọc 91 blocks từ ../../data/CongThongTinDienTu\CongDien\2018_367_+_368_170-CĐ-TTg.pdf
2025-07-28 01:36:17,731 - ERROR - Lỗi xử lý 2018_367_+_368_170-CĐ-TTg.pdf: 'Ngày ban hanh'
2025-07-28 01:36:17,731 - INFO - Đang xử lý: 2018_409_+_410_240-CĐ-TTg.pdf
2025-07-28 01:36:17,767 - INFO - Đã đọc 178 blocks từ ../../data/CongThongTinDienTu\CongDien\2018_409_+_410_240-CĐ-TTg.pdf
2025-07-28 01:36:17,768 - ERROR - Lỗi xử lý 2018_409_+_410_240-CĐ-TTg.pdf: 'Ngày ban hanh'
2025-07-28 01:36:17,768 - INFO - Đang xử lý: 2021_749_+_750_1110-CĐ-TTg.pdf
2025-07-28 01:36:17,825 - INFO - Đã đọc 43 blocks từ ../../data/CongThongTinDienTu\CongDien\2021_749_+_750_1110-CĐ-TTg.pdf
2025-07-28 01:36:17,825 - ERROR - Lỗi xử lý 2021_749_+_750_1110-CĐ-TTg.pdf: 'Ngày ban hanh'
2025-07-28 01:36:17,826 - INFO - Đang xử lý: 2023_1127_+_1128_1058-CĐ-TTg.pdf
2025-07-28 01:36:17,909 - INFO - Đã đọc 859 blocks từ ../../data/CongThongTinDienTu\CongDien\2023_1127_+_1128_1058-CĐ-TTg.pdf
2025-07-28 01:36:17,910 - ERROR - Lỗi xử lý 2023_1127_+_1128_1058-CĐ-TTg.pdf: 'Ngày ban hanh'
2025-07-28 01:36:17,910 - INFO - Đang xử lý: 2024_1113_+_1114_104-CĐ-TTg.pdf
2025-07-28 01:36:17,985 - INFO - Đã đọc 247 blocks từ ../../data/CongThongTinDienTu\CongDien\2024_1113_+_1114_104-CĐ-TTg.pdf
2025-07-28 01:36:17,986 - ERROR - Lỗi xử lý 2024_1113_+_1114_104-CĐ-TTg.pdf: 'Ngày ban hanh'
2025-07-28 01:36:17,986 - INFO - Đang xử lý: 2024_1249_+_1250_111-CĐ-TTg.pdf
2025-07-28 01:36:18,065 - INFO - Đã đọc 221 blocks từ ../../data/CongThongTinDienTu\CongDien\2024_1249_+_1250_111-CĐ-TTg.pdf
2025-07-28 01:36:18,066 - ERROR - Lỗi xử lý 2024_1249_+_1250_111-CĐ-TTg.pdf: 'Ngày ban hanh'
2025-07-28 01:36:18,066 - INFO - Đang xử lý: 252_CĐ-TTg(13649).pdf
2025-07-28 01:36:18,088 - INFO - Đã đọc 131 blocks từ ../../data/CongThongTinDienTu\CongDien\252_CĐ-TTg(13649).pdf
2025-07-28 01:36:18,089 - ERROR - Lỗi xử lý 252_CĐ-TTg(13649).pdf: 'Ngày ban hanh'
2025-07-28 01:36:27,589 - INFO - Đang xử lý: 156_CĐ-TTg(16733).pdf
2025-07-28 01:36:27,620 - INFO - Đã đọc 115 blocks từ ../../data/CongThongTinDienTu\CongDien\156_CĐ-TTg(16733).pdf
2025-07-28 01:36:27,635 - INFO - Đang xử lý: 1576_CĐ-TTg(15300).pdf
2025-07-28 01:36:27,656 - INFO - Đã đọc 68 blocks từ ../../data/CongThongTinDienTu\CongDien\1576_CĐ-TTg(15300).pdf
2025-07-28 01:36:27,664 - INFO - Đang xử lý: 2015_297_+_298-269_CĐ-TTg.pdf
2025-07-28 01:36:27,691 - INFO - Đã đọc 132 blocks từ ../../data/CongThongTinDienTu\CongDien\2015_297_+_298-269_CĐ-TTg.pdf
2025-07-28 01:36:27,711 - INFO - Đang xử lý: 2018_367_+_368_170-CĐ-TTg.pdf
2025-07-28 01:36:27,731 - INFO - Đã đọc 91 blocks từ ../../data/CongThongTinDienTu\CongDien\2018_367_+_368_170-CĐ-TTg.pdf
2025-07-28 01:36:27,743 - INFO - Đang xử lý: 2018_409_+_410_240-CĐ-TTg.pdf
2025-07-28 01:36:27,778 - INFO - Đã đọc 178 blocks từ ../../data/CongThongTinDienTu\CongDien\2018_409_+_410_240-CĐ-TTg.pdf
2025-07-28 01:36:27,803 - INFO - Đang xử lý: 2021_749_+_750_1110-CĐ-TTg.pdf
2025-07-28 01:36:27,862 - INFO - Đã đọc 43 blocks từ ../../data/CongThongTinDienTu\CongDien\2021_749_+_750_1110-CĐ-TTg.pdf
2025-07-28 01:36:27,867 - INFO - Đang xử lý: 2023_1127_+_1128_1058-CĐ-TTg.pdf
2025-07-28 01:36:27,941 - INFO - Đã đọc 859 blocks từ ../../data/CongThongTinDienTu\CongDien\2023_1127_+_1128_1058-CĐ-TTg.pdf
2025-07-28 01:36:28,038 - INFO - Đang xử lý: 2024_1113_+_1114_104-CĐ-TTg.pdf
2025-07-28 01:36:28,103 - INFO - Đã đọc 247 blocks từ ../../data/CongThongTinDienTu\CongDien\2024_1113_+_1114_104-CĐ-TTg.pdf
2025-07-28 01:36:28,129 - INFO - Đang xử lý: 2024_1249_+_1250_111-CĐ-TTg.pdf
2025-07-28 01:36:28,213 - INFO - Đã đọc 221 blocks từ ../../data/CongThongTinDienTu\CongDien\2024_1249_+_1250_111-CĐ-TTg.pdf
2025-07-28 01:36:28,244 - INFO - Đang xử lý: 252_CĐ-TTg(13649).pdf
2025-07-28 01:36:28,268 - INFO - Đã đọc 131 blocks từ ../../data/CongThongTinDienTu\CongDien\252_CĐ-TTg(13649).pdf
2025-07-28 01:36:28,288 - INFO - Đã lưu vào: ../../preprocessing/CongDien/processed_documents_congdien.json
